<?xml version="1.0" encoding="UTF-8"?>
<testsuite xmlns:xsi="http://www.w3.org/2001/XMLSchema-instance" xsi:noNamespaceSchemaLocation="https://maven.apache.org/surefire/maven-surefire-plugin/xsd/surefire-test-report.xsd" name="edu.berkeley.cs186.database.TestDatabaseLocking" time="42.778" tests="24" errors="2" skipped="0" failures="0">
  <properties>
    <property name="sun.desktop" value="gnome"/>
    <property name="awt.toolkit" value="sun.awt.X11.XToolkit"/>
    <property name="file.encoding.pkg" value="sun.io"/>
    <property name="java.specification.version" value="1.8"/>
    <property name="sun.cpu.isalist" value=""/>
    <property name="sun.jnu.encoding" value="UTF-8"/>
    <property name="java.class.path" value="/home/thecuong/Desktop/CS186/Projects/cs186/sp20-moocbase/target/test-classes:/home/thecuong/Desktop/CS186/Projects/cs186/sp20-moocbase/target/classes:/home/thecuong/.m2/repository/junit/junit/4.12/junit-4.12.jar:/home/thecuong/.m2/repository/org/hamcrest/hamcrest-core/1.3/hamcrest-core-1.3.jar:"/>
    <property name="java.vm.vendor" value="Private Build"/>
    <property name="sun.arch.data.model" value="64"/>
    <property name="java.vendor.url" value="http://java.oracle.com/"/>
    <property name="user.timezone" value=""/>
    <property name="java.vm.specification.version" value="1.8"/>
    <property name="os.name" value="Linux"/>
    <property name="user.country" value="US"/>
    <property name="sun.java.launcher" value="SUN_STANDARD"/>
    <property name="sun.boot.library.path" value="/usr/lib/jvm/java-8-openjdk-amd64/jre/lib/amd64"/>
    <property name="sun.java.command" value="/home/thecuong/Desktop/CS186/Projects/cs186/sp20-moocbase/target/surefire/surefirebooter3407785465269515997.jar /home/thecuong/Desktop/CS186/Projects/cs186/sp20-moocbase/target/surefire 2020-04-12T13-28-04_997-jvmRun1 surefire4336808351679741869tmp surefire_09033216088473985783tmp"/>
    <property name="surefire.test.class.path" value="/home/thecuong/Desktop/CS186/Projects/cs186/sp20-moocbase/target/test-classes:/home/thecuong/Desktop/CS186/Projects/cs186/sp20-moocbase/target/classes:/home/thecuong/.m2/repository/junit/junit/4.12/junit-4.12.jar:/home/thecuong/.m2/repository/org/hamcrest/hamcrest-core/1.3/hamcrest-core-1.3.jar:"/>
    <property name="sun.cpu.endian" value="little"/>
    <property name="user.home" value="/home/thecuong"/>
    <property name="user.language" value="en"/>
    <property name="java.specification.vendor" value="Oracle Corporation"/>
    <property name="java.home" value="/usr/lib/jvm/java-8-openjdk-amd64/jre"/>
    <property name="basedir" value="/home/thecuong/Desktop/CS186/Projects/cs186/sp20-moocbase"/>
    <property name="file.separator" value="/"/>
    <property name="line.separator" value="&#10;"/>
    <property name="java.vm.specification.vendor" value="Oracle Corporation"/>
    <property name="java.specification.name" value="Java Platform API Specification"/>
    <property name="java.awt.graphicsenv" value="sun.awt.X11GraphicsEnvironment"/>
    <property name="surefire.real.class.path" value="/home/thecuong/Desktop/CS186/Projects/cs186/sp20-moocbase/target/surefire/surefirebooter3407785465269515997.jar"/>
    <property name="sun.boot.class.path" value="/usr/lib/jvm/java-8-openjdk-amd64/jre/lib/resources.jar:/usr/lib/jvm/java-8-openjdk-amd64/jre/lib/rt.jar:/usr/lib/jvm/java-8-openjdk-amd64/jre/lib/sunrsasign.jar:/usr/lib/jvm/java-8-openjdk-amd64/jre/lib/jsse.jar:/usr/lib/jvm/java-8-openjdk-amd64/jre/lib/jce.jar:/usr/lib/jvm/java-8-openjdk-amd64/jre/lib/charsets.jar:/usr/lib/jvm/java-8-openjdk-amd64/jre/lib/jfr.jar:/usr/lib/jvm/java-8-openjdk-amd64/jre/classes"/>
    <property name="sun.management.compiler" value="HotSpot 64-Bit Tiered Compilers"/>
    <property name="java.runtime.version" value="1.8.0_242-8u242-b08-0ubuntu3~16.04-b08"/>
    <property name="user.name" value="thecuong"/>
    <property name="path.separator" value=":"/>
    <property name="os.version" value="4.15.0-96-generic"/>
    <property name="java.endorsed.dirs" value="/usr/lib/jvm/java-8-openjdk-amd64/jre/lib/endorsed"/>
    <property name="java.runtime.name" value="OpenJDK Runtime Environment"/>
    <property name="file.encoding" value="UTF-8"/>
    <property name="java.vm.name" value="OpenJDK 64-Bit Server VM"/>
    <property name="localRepository" value="/home/thecuong/.m2/repository"/>
    <property name="java.vendor.url.bug" value="http://bugreport.sun.com/bugreport/"/>
    <property name="java.io.tmpdir" value="/tmp"/>
    <property name="java.version" value="1.8.0_242"/>
    <property name="user.dir" value="/home/thecuong/Desktop/CS186/Projects/cs186/sp20-moocbase"/>
    <property name="os.arch" value="amd64"/>
    <property name="proj" value="4Part3"/>
    <property name="java.vm.specification.name" value="Java Virtual Machine Specification"/>
    <property name="java.awt.printerjob" value="sun.print.PSPrinterJob"/>
    <property name="sun.os.patch.level" value="unknown"/>
    <property name="java.library.path" value="/usr/java/packages/lib/amd64:/usr/lib/x86_64-linux-gnu/jni:/lib/x86_64-linux-gnu:/usr/lib/x86_64-linux-gnu:/usr/lib/jni:/lib:/usr/lib"/>
    <property name="java.vm.info" value="mixed mode"/>
    <property name="java.vendor" value="Private Build"/>
    <property name="java.vm.version" value="25.242-b08"/>
    <property name="java.ext.dirs" value="/usr/lib/jvm/java-8-openjdk-amd64/jre/lib/ext:/usr/java/packages/lib/ext"/>
    <property name="sun.io.unicode.encoding" value="UnicodeLittle"/>
    <property name="java.class.version" value="52.0"/>
  </properties>
  <testcase name="testRecordDelete" classname="edu.berkeley.cs186.database.TestDatabaseLocking" time="0.868"/>
  <testcase name="testTableMetadataLockOnUse" classname="edu.berkeley.cs186.database.TestDatabaseLocking" time="0.344"/>
  <testcase name="testRecordUpdate" classname="edu.berkeley.cs186.database.TestDatabaseLocking" time="0.926"/>
  <testcase name="testTableScan" classname="edu.berkeley.cs186.database.TestDatabaseLocking" time="0.734"/>
  <testcase name="testCreateTableSimple" classname="edu.berkeley.cs186.database.TestDatabaseLocking" time="0.776"/>
  <testcase name="testLockIndexMetadata" classname="edu.berkeley.cs186.database.TestDatabaseLocking" time="2.973"/>
  <testcase name="testSimpleTransactionCleanup" classname="edu.berkeley.cs186.database.TestDatabaseLocking" time="0.792"/>
  <testcase name="testSearchOperationLocking" classname="edu.berkeley.cs186.database.TestDatabaseLocking" time="1.512"/>
  <testcase name="testBPlusTreeRestrict" classname="edu.berkeley.cs186.database.TestDatabaseLocking" time="0.499"/>
  <testcase name="testDropAllTables" classname="edu.berkeley.cs186.database.TestDatabaseLocking" time="0.245"/>
  <testcase name="testDropTableSimple" classname="edu.berkeley.cs186.database.TestDatabaseLocking" time="0.345"/>
  <testcase name="testQueryWithIndex" classname="edu.berkeley.cs186.database.TestDatabaseLocking" time="7.174">
    <error message="test timed out after 7000 milliseconds" type="org.junit.runners.model.TestTimedOutException">org.junit.runners.model.TestTimedOutException: test timed out after 7000 milliseconds
	at sun.nio.ch.FileDispatcherImpl.force0(Native Method)
	at sun.nio.ch.FileDispatcherImpl.force(FileDispatcherImpl.java:80)
	at sun.nio.ch.FileChannelImpl.force(FileChannelImpl.java:388)
	at edu.berkeley.cs186.database.io.DiskSpaceManagerImpl$PartInfo.writePage(DiskSpaceManagerImpl.java:296)
	at edu.berkeley.cs186.database.io.DiskSpaceManagerImpl$PartInfo.access$500(DiskSpaceManagerImpl.java:69)
	at edu.berkeley.cs186.database.io.DiskSpaceManagerImpl.writePage(DiskSpaceManagerImpl.java:596)
	at edu.berkeley.cs186.database.memory.BufferManagerImpl$Frame.flush(BufferManagerImpl.java:175)
	at edu.berkeley.cs186.database.memory.BufferManagerImpl$Frame.invalidate(BufferManagerImpl.java:123)
	at edu.berkeley.cs186.database.memory.BufferManagerImpl$Frame.access$600(BufferManagerImpl.java:52)
	at edu.berkeley.cs186.database.memory.BufferManagerImpl.evict(BufferManagerImpl.java:514)
	at edu.berkeley.cs186.database.memory.BufferManagerImpl.evictAll(BufferManagerImpl.java:524)
	at edu.berkeley.cs186.database.Database.close(Database.java:461)
	at edu.berkeley.cs186.database.TestDatabaseLocking.afterEach(TestDatabaseLocking.java:97)
	at sun.reflect.NativeMethodAccessorImpl.invoke0(Native Method)
	at sun.reflect.NativeMethodAccessorImpl.invoke(NativeMethodAccessorImpl.java:62)
	at sun.reflect.DelegatingMethodAccessorImpl.invoke(DelegatingMethodAccessorImpl.java:43)
	at java.lang.reflect.Method.invoke(Method.java:498)
	at org.junit.runners.model.FrameworkMethod$1.runReflectiveCall(FrameworkMethod.java:50)
	at org.junit.internal.runners.model.ReflectiveCallable.run(ReflectiveCallable.java:12)
	at org.junit.runners.model.FrameworkMethod.invokeExplosively(FrameworkMethod.java:47)
	at org.junit.internal.runners.statements.RunAfters.evaluate(RunAfters.java:33)
	at org.junit.internal.runners.statements.FailOnTimeout$CallableStatement.call(FailOnTimeout.java:298)
	at org.junit.internal.runners.statements.FailOnTimeout$CallableStatement.call(FailOnTimeout.java:292)
	at java.util.concurrent.FutureTask.run(FutureTask.java:266)
	at java.lang.Thread.run(Thread.java:748)
</error>
  </testcase>
  <testcase name="testCreateIndexSimple" classname="edu.berkeley.cs186.database.TestDatabaseLocking" time="3.251"/>
  <testcase name="testSortedScanLocking" classname="edu.berkeley.cs186.database.TestDatabaseLocking" time="1.512"/>
  <testcase name="testRecordRead" classname="edu.berkeley.cs186.database.TestDatabaseLocking" time="0.953"/>
  <testcase name="testLockTableMetadata" classname="edu.berkeley.cs186.database.TestDatabaseLocking" time="0.787"/>
  <testcase name="testDropIndexSimple" classname="edu.berkeley.cs186.database.TestDatabaseLocking" time="2.812"/>
  <testcase name="testRecordWrite" classname="edu.berkeley.cs186.database.TestDatabaseLocking" time="1.158"/>
  <testcase name="testSortedScanNoIndexLocking" classname="edu.berkeley.cs186.database.TestDatabaseLocking" time="0.717"/>
  <testcase name="testAutoEscalateSIX" classname="edu.berkeley.cs186.database.TestDatabaseLocking" time="7.005">
    <error message="test timed out after 7000 milliseconds" type="org.junit.runners.model.TestTimedOutException">org.junit.runners.model.TestTimedOutException: test timed out after 7000 milliseconds
	at sun.misc.Unsafe.park(Native Method)
	at java.util.concurrent.locks.LockSupport.park(LockSupport.java:175)
	at java.util.concurrent.Phaser$QNode.block(Phaser.java:1140)
	at java.util.concurrent.ForkJoinPool.managedBlock(ForkJoinPool.java:3323)
	at java.util.concurrent.Phaser.internalAwaitAdvance(Phaser.java:1067)
	at java.util.concurrent.Phaser.awaitAdvance(Phaser.java:730)
	at edu.berkeley.cs186.database.Database.waitAllTransactions(Database.java:442)
	at edu.berkeley.cs186.database.Database.close(Database.java:456)
	at edu.berkeley.cs186.database.TestDatabaseLocking.afterEach(TestDatabaseLocking.java:97)
	at sun.reflect.GeneratedMethodAccessor2.invoke(Unknown Source)
	at sun.reflect.DelegatingMethodAccessorImpl.invoke(DelegatingMethodAccessorImpl.java:43)
	at java.lang.reflect.Method.invoke(Method.java:498)
	at org.junit.runners.model.FrameworkMethod$1.runReflectiveCall(FrameworkMethod.java:50)
	at org.junit.internal.runners.model.ReflectiveCallable.run(ReflectiveCallable.java:12)
	at org.junit.runners.model.FrameworkMethod.invokeExplosively(FrameworkMethod.java:47)
	at org.junit.internal.runners.statements.RunAfters.evaluate(RunAfters.java:33)
	at org.junit.internal.runners.statements.FailOnTimeout$CallableStatement.call(FailOnTimeout.java:298)
	at org.junit.internal.runners.statements.FailOnTimeout$CallableStatement.call(FailOnTimeout.java:292)
	at java.util.concurrent.FutureTask.run(FutureTask.java:266)
	at java.lang.Thread.run(Thread.java:748)
</error>
  </testcase>
  <testcase name="testAutoEscalateDisabled" classname="edu.berkeley.cs186.database.TestDatabaseLocking" time="2.1"/>
  <testcase name="testPageDirectoryCapacityLoad" classname="edu.berkeley.cs186.database.TestDatabaseLocking" time="0.4"/>
  <testcase name="testAutoEscalateS" classname="edu.berkeley.cs186.database.TestDatabaseLocking" time="2.198"/>
  <testcase name="testAutoEscalateX" classname="edu.berkeley.cs186.database.TestDatabaseLocking" time="2.69"/>
</testsuite>